::1 - - [23/Aug/2020:12:51:54 +0000] "GET /api/v1/category HTTP/1.1" - - "-" "PostmanRuntime/7.26.3"
::1 - - [23/Aug/2020:13:01:21 +0000] "GET /api/v1/category HTTP/1.1" - - "-" "PostmanRuntime/7.26.3"
::1 - - [23/Aug/2020:13:07:14 +0000] "GET /api/v1/category HTTP/1.1" - - "-" "PostmanRuntime/7.26.3"
::1 - - [23/Aug/2020:13:10:15 +0000] "GET /api/v1/category/ HTTP/1.1" - - "-" "PostmanRuntime/7.26.3"
::1 - - [23/Aug/2020:13:18:27 +0000] "GET /api/v1/category/ HTTP/1.1" - - "-" "PostmanRuntime/7.26.3"
::1 - - [23/Aug/2020:13:20:28 +0000] "GET /api/v1/category/ HTTP/1.1" - - "-" "PostmanRuntime/7.26.3"
::1 - - [23/Aug/2020:13:26:53 +0000] "GET /api/v1/category/ HTTP/1.1" - - "-" "PostmanRuntime/7.26.3"
::1 - - [23/Aug/2020:13:34:17 +0000] "GET /api/v1/category/ HTTP/1.1" - - "-" "PostmanRuntime/7.26.3"
::1 - - [23/Aug/2020:13:38:00 +0000] "GET /api/v1/category/ HTTP/1.1" - - "-" "PostmanRuntime/7.26.3"
::1 - - [23/Aug/2020:13:44:10 +0000] "GET /api/v1/category/ HTTP/1.1" 200 2668 "-" "PostmanRuntime/7.26.3"
::1 - - [23/Aug/2020:13:47:04 +0000] "POST /api/v1/category/ HTTP/1.1" 200 2 "-" "PostmanRuntime/7.26.3"
::1 - - [23/Aug/2020:13:58:00 +0000] "POST /api/v1/category/ HTTP/1.1" 200 2 "-" "PostmanRuntime/7.26.3"
::1 - - [23/Aug/2020:14:01:56 +0000] "POST /api/v1/category/ HTTP/1.1" 200 2 "-" "PostmanRuntime/7.26.3"
::1 - - [23/Aug/2020:14:02:13 +0000] "POST /api/v1/category HTTP/1.1" 200 2 "-" "PostmanRuntime/7.26.3"
::1 - - [23/Aug/2020:14:02:19 +0000] "POST /api/v1/category/ HTTP/1.1" 200 2 "-" "PostmanRuntime/7.26.3"
::1 - - [23/Aug/2020:14:02:26 +0000] "GET /api/v1/category/ HTTP/1.1" 200 1837 "-" "PostmanRuntime/7.26.3"
::1 - - [23/Aug/2020:14:03:09 +0000] "GET /category/ HTTP/1.1" 404 148 "-" "PostmanRuntime/7.26.3"
::1 - - [23/Aug/2020:14:03:17 +0000] "GET /category/0c6ce906-e548-11ea-878a-0242ac110002 HTTP/1.1" 404 184 "-" "PostmanRuntime/7.26.3"
::1 - - [26/Aug/2020:15:18:33 +0000] "GET /api/v1/category/ HTTP/1.1" 200 1837 "-" "PostmanRuntime/7.26.3"
::1 - - [26/Aug/2020:15:20:29 +0000] "GET /api/v1/product/ HTTP/1.1" 400 12 "-" "PostmanRuntime/7.26.3"
::1 - - [26/Aug/2020:15:21:07 +0000] "GET /category/0c6ce906-e548-11ea-878a-0242ac110002 HTTP/1.1" 404 184 "-" "PostmanRuntime/7.26.3"
::1 - - [26/Aug/2020:15:21:47 +0000] "POST /api/v1/category/ HTTP/1.1" 200 2 "-" "PostmanRuntime/7.26.3"
::1 - - [26/Aug/2020:15:22:10 +0000] "DELETE /api/v1/category/ HTTP/1.1" 404 158 "-" "PostmanRuntime/7.26.3"
::1 - - [26/Aug/2020:16:06:45 +0000] "GET /api/v1/product/ HTTP/1.1" 400 12 "-" "PostmanRuntime/7.26.3"
::1 - - [26/Aug/2020:16:11:35 +0000] "GET /api/v1/product/ HTTP/1.1" 400 12 "-" "PostmanRuntime/7.26.3"
::1 - - [30/Aug/2020:07:27:20 +0000] "GET /api/v1/product/ HTTP/1.1" 400 12 "-" "PostmanRuntime/7.26.3"
::1 - - [30/Aug/2020:07:27:56 +0000] "GET /api/v1/order/ HTTP/1.1" 400 12 "-" "PostmanRuntime/7.26.3"
::1 - - [30/Aug/2020:07:28:03 +0000] "GET /api/v1/order/ HTTP/1.1" 400 12 "-" "PostmanRuntime/7.26.3"
::1 - - [30/Aug/2020:07:28:40 +0000] "POST /api/v1/product/ HTTP/1.1" 400 12 "-" "PostmanRuntime/7.26.3"
::1 - - [02/Sep/2020:15:18:32 +0000] "GET /api/v1/order/ HTTP/1.1" 400 12 "-" "PostmanRuntime/7.26.3"
::1 - - [03/Sep/2020:12:06:17 +0000] "GET /api/v1/order/ HTTP/1.1" 400 12 "-" "PostmanRuntime/7.26.3"
::1 - - [03/Sep/2020:12:11:08 +0000] "GET /api/v1/order/ HTTP/1.1" 400 12 "-" "PostmanRuntime/7.26.3"
::1 - - [03/Sep/2020:12:11:24 +0000] "GET /api/v1/product HTTP/1.1" 400 12 "-" "PostmanRuntime/7.26.3"
::1 - - [05/Sep/2020:04:33:59 +0000] "GET /api/v1/category HTTP/1.1" 200 1816 "-" "PostmanRuntime/7.26.3"
::1 - - [05/Sep/2020:04:36:08 +0000] "GET /api/v1/order HTTP/1.1" 400 12 "-" "PostmanRuntime/7.26.3"
::1 - - [05/Sep/2020:04:36:42 +0000] "GET /api/v1/product HTTP/1.1" 400 12 "-" "PostmanRuntime/7.26.3"
::1 - - [09/Sep/2020:16:34:07 +0000] "GET /api/v1/order HTTP/1.1" 400 12 "-" "PostmanRuntime/7.26.3"
::1 - - [09/Sep/2020:16:40:16 +0000] "GET /api/v1/category HTTP/1.1" 200 1816 "-" "PostmanRuntime/7.26.3"
::1 - - [09/Sep/2020:16:40:49 +0000] "GET /api/v1/product HTTP/1.1" 400 12 "-" "PostmanRuntime/7.26.3"
::1 - - [09/Sep/2020:16:50:30 +0000] "GET /category/0c6ce906-e548-11ea-878a-0242ac110002 HTTP/1.1" 404 184 "-" "PostmanRuntime/7.26.3"
::1 - - [09/Sep/2020:16:50:43 +0000] "POST /api/v1/category/ HTTP/1.1" 200 2 "-" "PostmanRuntime/7.26.3"
::1 - - [09/Sep/2020:16:50:52 +0000] "DELETE /api/v1/category/ HTTP/1.1" 404 158 "-" "PostmanRuntime/7.26.3"
::1 - - [09/Sep/2020:16:51:07 +0000] "PUT /category/ HTTP/1.1" 404 148 "-" "PostmanRuntime/7.26.3"
::1 - - [09/Sep/2020:16:53:30 +0000] "GET /api/v1/order HTTP/1.1" 400 12 "-" "PostmanRuntime/7.26.3"
::1 - - [09/Sep/2020:16:53:50 +0000] "GET /api/v1/order/ HTTP/1.1" 400 12 "-" "PostmanRuntime/7.26.3"
::1 - - [09/Sep/2020:16:54:02 +0000] "GET /api/v1/order/ HTTP/1.1" 400 12 "-" "PostmanRuntime/7.26.3"
::1 - - [09/Sep/2020:16:54:29 +0000] "GET /api/v1/order/ HTTP/1.1" 400 12 "-" "PostmanRuntime/7.26.3"
