::1 - - [09/Sep/2020:17:03:31 +0000] "GET /api/v1/order/ HTTP/1.1" 400 12 "-" "PostmanRuntime/7.26.3"
::1 - - [09/Sep/2020:19:19:45 +0000] "GET /api/v1/order/ HTTP/1.1" 400 12 "-" "PostmanRuntime/7.26.3"
::1 - - [09/Sep/2020:19:20:18 +0000] "GET /api/v1/order HTTP/1.1" 400 12 "-" "PostmanRuntime/7.26.3"
::1 - - [09/Sep/2020:19:20:24 +0000] "GET /api/v1/order HTTP/1.1" 400 12 "-" "PostmanRuntime/7.26.3"
::1 - - [09/Sep/2020:19:21:24 +0000] "GET /api/v1/order HTTP/1.1" 400 12 "-" "PostmanRuntime/7.26.3"
::1 - - [09/Sep/2020:20:27:21 +0000] "GET /api/v1/order HTTP/1.1" 400 12 "-" "PostmanRuntime/7.26.3"
::1 - - [09/Sep/2020:20:27:46 +0000] "GET /api/v1/order HTTP/1.1" 400 12 "-" "PostmanRuntime/7.26.3"
::1 - - [09/Sep/2020:20:28:48 +0000] "GET /api/v1/product HTTP/1.1" 400 12 "-" "PostmanRuntime/7.26.3"
::1 - - [09/Sep/2020:20:29:18 +0000] "GET /api/v1/category HTTP/1.1" 200 1816 "-" "PostmanRuntime/7.26.3"
::1 - - [09/Sep/2020:20:37:38 +0000] "GET /api/v1/order HTTP/1.1" 400 12 "-" "PostmanRuntime/7.26.3"
::1 - - [10/Sep/2020:02:03:24 +0000] "GET /api/v1/order HTTP/1.1" 400 12 "-" "PostmanRuntime/7.26.5"
::1 - - [10/Sep/2020:02:04:51 +0000] "GET /api/v1/order HTTP/1.1" 400 12 "-" "PostmanRuntime/7.26.5"
::1 - - [10/Sep/2020:02:10:45 +0000] "GET /api/v1/product HTTP/1.1" 400 12 "-" "PostmanRuntime/7.26.5"
::1 - - [10/Sep/2020:02:10:56 +0000] "GET /api/v1/order HTTP/1.1" 400 12 "-" "PostmanRuntime/7.26.5"
::1 - - [10/Sep/2020:02:18:33 +0000] "GET /api/v1/product HTTP/1.1" 400 12 "-" "PostmanRuntime/7.26.5"
::1 - - [10/Sep/2020:02:18:37 +0000] "GET /api/v1/product/ HTTP/1.1" 400 12 "-" "PostmanRuntime/7.26.5"
::1 - - [10/Sep/2020:02:22:20 +0000] "GET /api/v1/product HTTP/1.1" - - "-" "PostmanRuntime/7.26.5"
::1 - - [10/Sep/2020:02:27:16 +0000] "GET /api/v1/product HTTP/1.1" - - "-" "PostmanRuntime/7.26.5"
::1 - - [10/Sep/2020:02:29:19 +0000] "GET /api/v1/product HTTP/1.1" 200 4918 "-" "PostmanRuntime/7.26.5"
::1 - - [10/Sep/2020:02:30:16 +0000] "GET /api/v1/order HTTP/1.1" 400 12 "-" "PostmanRuntime/7.26.5"
::1 - - [10/Sep/2020:03:37:31 +0000] "GET /api/v1/order HTTP/1.1" 400 12 "-" "PostmanRuntime/7.26.5"
::1 - - [10/Sep/2020:03:39:48 +0000] "GET /api/v1/order HTTP/1.1" 400 12 "-" "PostmanRuntime/7.26.5"
::1 - - [10/Sep/2020:03:50:43 +0000] "GET /api/v1/product HTTP/1.1" - - "-" "PostmanRuntime/7.26.5"
::1 - - [10/Sep/2020:03:52:56 +0000] "GET /api/v1/order HTTP/1.1" 400 12 "-" "PostmanRuntime/7.26.5"
::1 - - [10/Sep/2020:03:57:27 +0000] "GET /api/v1/product HTTP/1.1" - - "-" "PostmanRuntime/7.26.5"
::1 - - [10/Sep/2020:04:11:46 +0000] "GET /api/v1/product HTTP/1.1" - - "-" "PostmanRuntime/7.26.5"
::1 - - [10/Sep/2020:04:12:54 +0000] "GET /api/v1/order HTTP/1.1" 400 12 "-" "PostmanRuntime/7.26.5"
::1 - - [10/Sep/2020:04:24:37 +0000] "GET /api/v1/product HTTP/1.1" - - "-" "PostmanRuntime/7.26.5"
::1 - - [10/Sep/2020:04:27:16 +0000] "GET /api/v1/product HTTP/1.1" - - "-" "PostmanRuntime/7.26.5"
::1 - - [10/Sep/2020:04:30:18 +0000] "GET /api/v1/product HTTP/1.1" - - "-" "PostmanRuntime/7.26.5"
::1 - - [10/Sep/2020:04:40:36 +0000] "GET /api/v1/product HTTP/1.1" - - "-" "PostmanRuntime/7.26.5"
::1 - - [10/Sep/2020:04:41:00 +0000] "GET /api/v1/product HTTP/1.1" 200 4918 "-" "PostmanRuntime/7.26.5"
